0 info it worked if it ends with ok
1 verbose cli [ '/Users/federico/.nvm/versions/node/v5.0.0/bin/node',
1 verbose cli   '/Users/federico/.nvm/versions/node/v5.0.0/bin/npm',
1 verbose cli   'start' ]
2 info using npm@3.3.6
3 info using node@v5.0.0
4 verbose run-script [ 'prestart', 'start', 'poststart' ]
5 info lifecycle kanban_app@1.0.0~prestart: kanban_app@1.0.0
6 silly lifecycle kanban_app@1.0.0~prestart: no script for prestart, continuing
7 info lifecycle kanban_app@1.0.0~start: kanban_app@1.0.0
8 verbose lifecycle kanban_app@1.0.0~start: unsafe-perm in lifecycle true
9 verbose lifecycle kanban_app@1.0.0~start: PATH: /Users/federico/.nvm/versions/node/v5.0.0/lib/node_modules/npm/bin/node-gyp-bin:/opt/WEBPACK_LEARNING/kanban_app/node_modules/.bin:/opt/local/bin:/opt/local/sbin:/Users/federico/.pyenv/shims:/Users/federico/.nvm/versions/node/v5.0.0/bin:/usr/local/bin:/usr/bin:/bin:/usr/sbin:/sbin:/usr/local/git/bin:/usr/local/opt/android-sdk/platform-tools:/usr/local/opt/android-sdk/tools:/usr/local/bin:/usr/local/bin/nmap:/Users/federico/.rvm/bin
10 verbose lifecycle kanban_app@1.0.0~start: CWD: /opt/WEBPACK_LEARNING/kanban_app
11 silly lifecycle kanban_app@1.0.0~start: Args: [ '-c', 'PORT=3000 HOST=192.168.0.2 webpack-dev-server' ]
12 silly lifecycle kanban_app@1.0.0~start: Returned: code: 1  signal: null
13 info lifecycle kanban_app@1.0.0~start: Failed to exec start script
14 verbose stack Error: kanban_app@1.0.0 start: `PORT=3000 HOST=192.168.0.2 webpack-dev-server`
14 verbose stack Exit status 1
14 verbose stack     at EventEmitter.<anonymous> (/Users/federico/.nvm/versions/node/v5.0.0/lib/node_modules/npm/lib/utils/lifecycle.js:233:16)
14 verbose stack     at emitTwo (events.js:87:13)
14 verbose stack     at EventEmitter.emit (events.js:172:7)
14 verbose stack     at ChildProcess.<anonymous> (/Users/federico/.nvm/versions/node/v5.0.0/lib/node_modules/npm/lib/utils/spawn.js:24:14)
14 verbose stack     at emitTwo (events.js:87:13)
14 verbose stack     at ChildProcess.emit (events.js:172:7)
14 verbose stack     at maybeClose (internal/child_process.js:818:16)
14 verbose stack     at Process.ChildProcess._handle.onexit (internal/child_process.js:211:5)
15 verbose pkgid kanban_app@1.0.0
16 verbose cwd /opt/WEBPACK_LEARNING/kanban_app
17 error Darwin 14.5.0
18 error argv "/Users/federico/.nvm/versions/node/v5.0.0/bin/node" "/Users/federico/.nvm/versions/node/v5.0.0/bin/npm" "start"
19 error node v5.0.0
20 error npm  v3.3.6
21 error code ELIFECYCLE
22 error kanban_app@1.0.0 start: `PORT=3000 HOST=192.168.0.2 webpack-dev-server`
22 error Exit status 1
23 error Failed at the kanban_app@1.0.0 start script 'PORT=3000 HOST=192.168.0.2 webpack-dev-server'.
23 error This is most likely a problem with the kanban_app package,
23 error not with npm itself.
23 error Tell the author that this fails on your system:
23 error     PORT=3000 HOST=192.168.0.2 webpack-dev-server
23 error You can get their info via:
23 error     npm owner ls kanban_app
23 error There is likely additional logging output above.
24 verbose exit [ 1, true ]
